Flow report for SDProject2
Mon Jun 04 22:44:24 2018
Quartus II Version 9.1 Build 350 03/24/2010 Service Pack 2 SJ Web Edition


---------------------
; Table of Contents ;
---------------------
  1. Legal Notice
  2. Flow Summary
  3. Flow Settings
  4. Flow Non-Default Global Settings
  5. Flow Elapsed Time
  6. Flow OS Summary
  7. Flow Log



----------------
; Legal Notice ;
----------------
Copyright (C) 1991-2010 Altera Corporation
Your use of Altera Corporation's design tools, logic functions 
and other software and tools, and its AMPP partner logic 
functions, and any output files from any of the foregoing 
(including device programming or simulation files), and any 
associated documentation or information are expressly subject 
to the terms and conditions of the Altera Program License 
Subscription Agreement, Altera MegaCore Function License 
Agreement, or other applicable license agreement, including, 
without limitation, that your use is for the sole purpose of 
programming logic devices manufactured by Altera and sold by 
Altera or its authorized distributors.  Please refer to the 
applicable agreement for further details.



+-----------------------------------------------------------------------------------+
; Flow Summary                                                                      ;
+------------------------------------+----------------------------------------------+
; Flow Status                        ; Successful - Mon Jun 04 22:44:24 2018        ;
; Quartus II Version                 ; 9.1 Build 350 03/24/2010 SP 2 SJ Web Edition ;
; Revision Name                      ; SDProject2                                   ;
; Top-level Entity Name              ; decodificador                                ;
; Family                             ; Cyclone IV E                                 ;
; Device                             ; EP4CE115F29C7                                ;
; Timing Models                      ; Preliminary                                  ;
; Met timing requirements            ; N/A                                          ;
; Total logic elements               ; 91 / 114,480 ( < 1 % )                       ;
;     Total combinational functions  ; 76 / 114,480 ( < 1 % )                       ;
;     Dedicated logic registers      ; 66 / 114,480 ( < 1 % )                       ;
; Total registers                    ; 66                                           ;
; Total pins                         ; 14 / 529 ( 3 % )                             ;
; Total virtual pins                 ; 0                                            ;
; Total memory bits                  ; 0 / 3,981,312 ( 0 % )                        ;
; Embedded Multiplier 9-bit elements ; 0 / 532 ( 0 % )                              ;
; Total PLLs                         ; 0 / 4 ( 0 % )                                ;
+------------------------------------+----------------------------------------------+


+-----------------------------------------+
; Flow Settings                           ;
+-------------------+---------------------+
; Option            ; Setting             ;
+-------------------+---------------------+
; Start date & time ; 06/04/2018 22:43:59 ;
; Main task         ; Compilation         ;
; Revision Name     ; SDProject2          ;
+-------------------+---------------------+


+-----------------------------------------------------------------------------------------------------------------------------------------------+
; Flow Non-Default Global Settings                                                                                                              ;
+-------------------------------------+------------------------------------------------------------+---------------+---------------+------------+
; Assignment Name                     ; Value                                                      ; Default Value ; Entity Name   ; Section Id ;
+-------------------------------------+------------------------------------------------------------+---------------+---------------+------------+
; COMPILER_SIGNATURE_ID               ; 35344969730155.152816303904280                             ; --            ; --            ; --         ;
; FITTER_EFFORT                       ; Standard Fit                                               ; Auto Fit      ; --            ; --         ;
; MAX_CORE_JUNCTION_TEMP              ; 85                                                         ; --            ; --            ; --         ;
; MIN_CORE_JUNCTION_TEMP              ; 0                                                          ; --            ; --            ; --         ;
; MISC_FILE                           ; C:/Users/gsm3/Downloads/SD-Project-2-master/SDProject2.dpf ; --            ; --            ; --         ;
; NOMINAL_CORE_SUPPLY_VOLTAGE         ; 1.2V                                                       ; --            ; --            ; --         ;
; PARTITION_COLOR                     ; 16764057                                                   ; --            ; decodificador ; Top        ;
; PARTITION_FITTER_PRESERVATION_LEVEL ; PLACEMENT_AND_ROUTING                                      ; --            ; decodificador ; Top        ;
; PARTITION_NETLIST_TYPE              ; SOURCE                                                     ; --            ; decodificador ; Top        ;
; PROJECT_OUTPUT_DIRECTORY            ; output_files                                               ; --            ; --            ; --         ;
; TOP_LEVEL_ENTITY                    ; decodificador                                              ; SDProject2    ; --            ; --         ;
+-------------------------------------+------------------------------------------------------------+---------------+---------------+------------+


+-------------------------------------------------------------------------------------------------------------------------------+
; Flow Elapsed Time                                                                                                             ;
+---------------------------+--------------+-------------------------+---------------------+------------------------------------+
; Module Name               ; Elapsed Time ; Average Processors Used ; Peak Virtual Memory ; Total CPU Time (on all processors) ;
+---------------------------+--------------+-------------------------+---------------------+------------------------------------+
; Analysis & Synthesis      ; 00:00:02     ; 1.0                     ; 224 MB              ; 00:00:01                           ;
; Fitter                    ; 00:00:15     ; 2.5                     ; 476 MB              ; 00:00:21                           ;
; Assembler                 ; 00:00:07     ; 1.0                     ; 438 MB              ; 00:00:05                           ;
; TimeQuest Timing Analyzer ; 00:00:04     ; 1.0                     ; 320 MB              ; 00:00:02                           ;
; Total                     ; 00:00:24     ; --                      ; --                  ; 00:00:27                           ;
+---------------------------+--------------+-------------------------+---------------------+------------------------------------+


+--------------------------------------------------------------------------------------------+
; Flow OS Summary                                                                            ;
+---------------------------+------------------+---------------+------------+----------------+
; Module Name               ; Machine Hostname ; OS Name       ; OS Version ; Processor type ;
+---------------------------+------------------+---------------+------------+----------------+
; Analysis & Synthesis      ; HWC25            ; Windows Vista ; 6.1        ; x86_64         ;
; Fitter                    ; HWC25            ; Windows Vista ; 6.1        ; x86_64         ;
; TimeQuest Timing Analyzer ; HWC25            ; Windows Vista ; 6.1        ; x86_64         ;
; Assembler                 ; HWC25            ; Windows Vista ; 6.1        ; x86_64         ;
+---------------------------+------------------+---------------+------------+----------------+


------------
; Flow Log ;
------------
quartus_map --read_settings_files=on --write_settings_files=off SDProject2 -c SDProject2
quartus_fit --read_settings_files=off --write_settings_files=off SDProject2 -c SDProject2
quartus_sta SDProject2 -c SDProject2
quartus_asm --read_settings_files=off --write_settings_files=off SDProject2 -c SDProject2



