Analysis & Synthesis report for SDProject2
Mon Jun 04 22:44:00 2018
Quartus II Version 9.1 Build 350 03/24/2010 Service Pack 2 SJ Web Edition


---------------------
; Table of Contents ;
---------------------
  1. Legal Notice
  2. Analysis & Synthesis Summary
  3. Analysis & Synthesis Settings
  4. Parallel Compilation
  5. Analysis & Synthesis Source Files Read
  6. Analysis & Synthesis Resource Usage Summary
  7. Analysis & Synthesis Resource Utilization by Entity
  8. State Machine - |decodificador|prox_estado
  9. State Machine - |decodificador|estado
 10. Registers Removed During Synthesis
 11. General Register Statistics
 12. Multiplexer Restructuring Statistics (Restructuring Performed)
 13. Parameter Settings for User Entity Instance: Top-level Entity: |decodificador
 14. Analysis & Synthesis Messages



----------------
; Legal Notice ;
----------------
Copyright (C) 1991-2010 Altera Corporation
Your use of Altera Corporation's design tools, logic functions 
and other software and tools, and its AMPP partner logic 
functions, and any output files from any of the foregoing 
(including device programming or simulation files), and any 
associated documentation or information are expressly subject 
to the terms and conditions of the Altera Program License 
Subscription Agreement, Altera MegaCore Function License 
Agreement, or other applicable license agreement, including, 
without limitation, that your use is for the sole purpose of 
programming logic devices manufactured by Altera and sold by 
Altera or its authorized distributors.  Please refer to the 
applicable agreement for further details.



+-----------------------------------------------------------------------------------+
; Analysis & Synthesis Summary                                                      ;
+------------------------------------+----------------------------------------------+
; Analysis & Synthesis Status        ; Successful - Mon Jun 04 22:44:00 2018        ;
; Quartus II Version                 ; 9.1 Build 350 03/24/2010 SP 2 SJ Web Edition ;
; Revision Name                      ; SDProject2                                   ;
; Top-level Entity Name              ; decodificador                                ;
; Family                             ; Cyclone IV E                                 ;
; Total logic elements               ; 91                                           ;
;     Total combinational functions  ; 76                                           ;
;     Dedicated logic registers      ; 66                                           ;
; Total registers                    ; 66                                           ;
; Total pins                         ; 14                                           ;
; Total virtual pins                 ; 0                                            ;
; Total memory bits                  ; 0                                            ;
; Embedded Multiplier 9-bit elements ; 0                                            ;
; Total PLLs                         ; 0                                            ;
+------------------------------------+----------------------------------------------+


+----------------------------------------------------------------------------------------------------------------------+
; Analysis & Synthesis Settings                                                                                        ;
+----------------------------------------------------------------------------+--------------------+--------------------+
; Option                                                                     ; Setting            ; Default Value      ;
+----------------------------------------------------------------------------+--------------------+--------------------+
; Device                                                                     ; EP4CE115F29C7      ;                    ;
; Top-level entity name                                                      ; decodificador      ; SDProject2         ;
; Family name                                                                ; Cyclone IV E       ; Stratix II         ;
; Use smart compilation                                                      ; Off                ; Off                ;
; Enable parallel Assembler and TimeQuest Timing Analyzer during compilation ; On                 ; On                 ;
; Enable compact report table                                                ; Off                ; Off                ;
; Restructure Multiplexers                                                   ; Auto               ; Auto               ;
; Create Debugging Nodes for IP Cores                                        ; Off                ; Off                ;
; Preserve fewer node names                                                  ; On                 ; On                 ;
; Disable OpenCore Plus hardware evaluation                                  ; Off                ; Off                ;
; Verilog Version                                                            ; Verilog_2001       ; Verilog_2001       ;
; VHDL Version                                                               ; VHDL_1993          ; VHDL_1993          ;
; State Machine Processing                                                   ; Auto               ; Auto               ;
; Safe State Machine                                                         ; Off                ; Off                ;
; Extract Verilog State Machines                                             ; On                 ; On                 ;
; Extract VHDL State Machines                                                ; On                 ; On                 ;
; Ignore Verilog initial constructs                                          ; Off                ; Off                ;
; Iteration limit for constant Verilog loops                                 ; 5000               ; 5000               ;
; Iteration limit for non-constant Verilog loops                             ; 250                ; 250                ;
; Add Pass-Through Logic to Inferred RAMs                                    ; On                 ; On                 ;
; Parallel Synthesis                                                         ; On                 ; On                 ;
; DSP Block Balancing                                                        ; Auto               ; Auto               ;
; NOT Gate Push-Back                                                         ; On                 ; On                 ;
; Power-Up Don't Care                                                        ; On                 ; On                 ;
; Remove Redundant Logic Cells                                               ; Off                ; Off                ;
; Remove Duplicate Registers                                                 ; On                 ; On                 ;
; Ignore CARRY Buffers                                                       ; Off                ; Off                ;
; Ignore CASCADE Buffers                                                     ; Off                ; Off                ;
; Ignore GLOBAL Buffers                                                      ; Off                ; Off                ;
; Ignore ROW GLOBAL Buffers                                                  ; Off                ; Off                ;
; Ignore LCELL Buffers                                                       ; Off                ; Off                ;
; Ignore SOFT Buffers                                                        ; On                 ; On                 ;
; Limit AHDL Integers to 32 Bits                                             ; Off                ; Off                ;
; Optimization Technique                                                     ; Balanced           ; Balanced           ;
; Carry Chain Length                                                         ; 70                 ; 70                 ;
; Auto Carry Chains                                                          ; On                 ; On                 ;
; Auto Open-Drain Pins                                                       ; On                 ; On                 ;
; Perform WYSIWYG Primitive Resynthesis                                      ; Off                ; Off                ;
; Auto ROM Replacement                                                       ; On                 ; On                 ;
; Auto RAM Replacement                                                       ; On                 ; On                 ;
; Auto DSP Block Replacement                                                 ; On                 ; On                 ;
; Auto Shift Register Replacement                                            ; Auto               ; Auto               ;
; Auto Clock Enable Replacement                                              ; On                 ; On                 ;
; Strict RAM Replacement                                                     ; Off                ; Off                ;
; Allow Synchronous Control Signals                                          ; On                 ; On                 ;
; Force Use of Synchronous Clear Signals                                     ; Off                ; Off                ;
; Auto RAM Block Balancing                                                   ; On                 ; On                 ;
; Auto RAM to Logic Cell Conversion                                          ; Off                ; Off                ;
; Auto Resource Sharing                                                      ; Off                ; Off                ;
; Allow Any RAM Size For Recognition                                         ; Off                ; Off                ;
; Allow Any ROM Size For Recognition                                         ; Off                ; Off                ;
; Allow Any Shift Register Size For Recognition                              ; Off                ; Off                ;
; Use LogicLock Constraints during Resource Balancing                        ; On                 ; On                 ;
; Ignore translate_off and synthesis_off directives                          ; Off                ; Off                ;
; Timing-Driven Synthesis                                                    ; On                 ; On                 ;
; Show Parameter Settings Tables in Synthesis Report                         ; On                 ; On                 ;
; Ignore Maximum Fan-Out Assignments                                         ; Off                ; Off                ;
; Synchronization Register Chain Length                                      ; 2                  ; 2                  ;
; PowerPlay Power Optimization                                               ; Normal compilation ; Normal compilation ;
; HDL message level                                                          ; Level2             ; Level2             ;
; Suppress Register Optimization Related Messages                            ; Off                ; Off                ;
; Number of Removed Registers Reported in Synthesis Report                   ; 5000               ; 5000               ;
; Number of Inverted Registers Reported in Synthesis Report                  ; 100                ; 100                ;
; Clock MUX Protection                                                       ; On                 ; On                 ;
; Auto Gated Clock Conversion                                                ; Off                ; Off                ;
; Block Design Naming                                                        ; Auto               ; Auto               ;
; SDC constraint protection                                                  ; Off                ; Off                ;
; Synthesis Effort                                                           ; Auto               ; Auto               ;
; Shift Register Replacement - Allow Asynchronous Clear Signal               ; On                 ; On                 ;
; Analysis & Synthesis Message Level                                         ; Medium             ; Medium             ;
; Disable Register Merging Across Hierarchies                                ; Auto               ; Auto               ;
; Resource Aware Inference For Block RAM                                     ; On                 ; On                 ;
+----------------------------------------------------------------------------+--------------------+--------------------+


+------------------------------------------+
; Parallel Compilation                     ;
+----------------------------+-------------+
; Processors                 ; Number      ;
+----------------------------+-------------+
; Number detected on machine ; 4           ;
; Maximum allowed            ; 4           ;
;                            ;             ;
; Average used               ; 1.00        ;
; Maximum used               ; 1           ;
;                            ;             ;
; Usage by Processor         ; % Time Used ;
;     1 processor            ; 100.0%      ;
;     2-4 processors         ;   0.0%      ;
+----------------------------+-------------+


+-----------------------------------------------------------------------------------------------------------------------------------------------+
; Analysis & Synthesis Source Files Read                                                                                                        ;
+----------------------------------+-----------------+------------------------------+-----------------------------------------------------------+
; File Name with User-Entered Path ; Used in Netlist ; File Type                    ; File Name with Absolute Path                              ;
+----------------------------------+-----------------+------------------------------+-----------------------------------------------------------+
; SDProject2.sv                    ; yes             ; User SystemVerilog HDL File  ; C:/Users/gsm3/Downloads/SD-Project-2-master/SDProject2.sv ;
+----------------------------------+-----------------+------------------------------+-----------------------------------------------------------+


+--------------------------------------------------------------+
; Analysis & Synthesis Resource Usage Summary                  ;
+---------------------------------------------+----------------+
; Resource                                    ; Usage          ;
+---------------------------------------------+----------------+
; Estimated Total logic elements              ; 91             ;
;                                             ;                ;
; Total combinational functions               ; 76             ;
; Logic element usage by number of LUT inputs ;                ;
;     -- 4 input functions                    ; 22             ;
;     -- 3 input functions                    ; 11             ;
;     -- <=2 input functions                  ; 43             ;
;                                             ;                ;
; Logic elements by mode                      ;                ;
;     -- normal mode                          ; 42             ;
;     -- arithmetic mode                      ; 34             ;
;                                             ;                ;
; Total registers                             ; 66             ;
;     -- Dedicated logic registers            ; 66             ;
;     -- I/O registers                        ; 0              ;
;                                             ;                ;
; I/O pins                                    ; 14             ;
; Maximum fan-out node                        ; CLOCK_50~input ;
; Maximum fan-out                             ; 66             ;
; Total fan-out                               ; 456            ;
; Average fan-out                             ; 2.68           ;
+---------------------------------------------+----------------+


+-----------------------------------------------------------------------------------------------------------------------------------------------------------------------------+
; Analysis & Synthesis Resource Utilization by Entity                                                                                                                         ;
+----------------------------+-------------------+--------------+-------------+--------------+---------+-----------+------+--------------+---------------------+--------------+
; Compilation Hierarchy Node ; LC Combinationals ; LC Registers ; Memory Bits ; DSP Elements ; DSP 9x9 ; DSP 18x18 ; Pins ; Virtual Pins ; Full Hierarchy Name ; Library Name ;
+----------------------------+-------------------+--------------+-------------+--------------+---------+-----------+------+--------------+---------------------+--------------+
; |decodificador             ; 76 (76)           ; 66 (66)      ; 0           ; 0            ; 0       ; 0         ; 14   ; 0            ; |decodificador      ; work         ;
+----------------------------+-------------------+--------------+-------------+--------------+---------+-----------+------+--------------+---------------------+--------------+
Note: For table entries with two numbers listed, the numbers in parentheses indicate the number of resources of the given type used by the specific entity alone. The numbers listed outside of parentheses indicate the total resources of the given type used by the specific entity and all of its sub-entities in the hierarchy.


Encoding Type:  One-Hot
+-------------------------------------------------------------------------------------------------------------------------------------------------------------------------------+
; State Machine - |decodificador|prox_estado                                                                                                                                    ;
+---------------+---------------+---------------+---------------+---------------+---------------+---------------+---------------+---------------+---------------+---------------+
; Name          ; prox_estado.J ; prox_estado.I ; prox_estado.H ; prox_estado.G ; prox_estado.F ; prox_estado.E ; prox_estado.D ; prox_estado.C ; prox_estado.B ; prox_estado.A ;
+---------------+---------------+---------------+---------------+---------------+---------------+---------------+---------------+---------------+---------------+---------------+
; prox_estado.A ; 0             ; 0             ; 0             ; 0             ; 0             ; 0             ; 0             ; 0             ; 0             ; 0             ;
; prox_estado.B ; 0             ; 0             ; 0             ; 0             ; 0             ; 0             ; 0             ; 0             ; 1             ; 1             ;
; prox_estado.C ; 0             ; 0             ; 0             ; 0             ; 0             ; 0             ; 0             ; 1             ; 0             ; 1             ;
; prox_estado.D ; 0             ; 0             ; 0             ; 0             ; 0             ; 0             ; 1             ; 0             ; 0             ; 1             ;
; prox_estado.E ; 0             ; 0             ; 0             ; 0             ; 0             ; 1             ; 0             ; 0             ; 0             ; 1             ;
; prox_estado.F ; 0             ; 0             ; 0             ; 0             ; 1             ; 0             ; 0             ; 0             ; 0             ; 1             ;
; prox_estado.G ; 0             ; 0             ; 0             ; 1             ; 0             ; 0             ; 0             ; 0             ; 0             ; 1             ;
; prox_estado.H ; 0             ; 0             ; 1             ; 0             ; 0             ; 0             ; 0             ; 0             ; 0             ; 1             ;
; prox_estado.I ; 0             ; 1             ; 0             ; 0             ; 0             ; 0             ; 0             ; 0             ; 0             ; 1             ;
; prox_estado.J ; 1             ; 0             ; 0             ; 0             ; 0             ; 0             ; 0             ; 0             ; 0             ; 1             ;
+---------------+---------------+---------------+---------------+---------------+---------------+---------------+---------------+---------------+---------------+---------------+


Encoding Type:  One-Hot
+------------------------------------------------------------------------------------------------------------------------+
; State Machine - |decodificador|estado                                                                                  ;
+----------+----------+----------+----------+----------+----------+----------+----------+----------+----------+----------+
; Name     ; estado.J ; estado.I ; estado.H ; estado.G ; estado.F ; estado.E ; estado.D ; estado.C ; estado.B ; estado.A ;
+----------+----------+----------+----------+----------+----------+----------+----------+----------+----------+----------+
; estado.A ; 0        ; 0        ; 0        ; 0        ; 0        ; 0        ; 0        ; 0        ; 0        ; 0        ;
; estado.B ; 0        ; 0        ; 0        ; 0        ; 0        ; 0        ; 0        ; 0        ; 1        ; 1        ;
; estado.C ; 0        ; 0        ; 0        ; 0        ; 0        ; 0        ; 0        ; 1        ; 0        ; 1        ;
; estado.D ; 0        ; 0        ; 0        ; 0        ; 0        ; 0        ; 1        ; 0        ; 0        ; 1        ;
; estado.E ; 0        ; 0        ; 0        ; 0        ; 0        ; 1        ; 0        ; 0        ; 0        ; 1        ;
; estado.F ; 0        ; 0        ; 0        ; 0        ; 1        ; 0        ; 0        ; 0        ; 0        ; 1        ;
; estado.G ; 0        ; 0        ; 0        ; 1        ; 0        ; 0        ; 0        ; 0        ; 0        ; 1        ;
; estado.H ; 0        ; 0        ; 1        ; 0        ; 0        ; 0        ; 0        ; 0        ; 0        ; 1        ;
; estado.I ; 0        ; 1        ; 0        ; 0        ; 0        ; 0        ; 0        ; 0        ; 0        ; 1        ;
; estado.J ; 1        ; 0        ; 0        ; 0        ; 0        ; 0        ; 0        ; 0        ; 0        ; 1        ;
+----------+----------+----------+----------+----------+----------+----------+----------+----------+----------+----------+


+-------------------------------------------------------------+
; Registers Removed During Synthesis                          ;
+----------------------------------------+--------------------+
; Register name                          ; Reason for Removal ;
+----------------------------------------+--------------------+
; estado.A                               ; Lost fanout        ;
; estado.B                               ; Lost fanout        ;
; estado.C                               ; Lost fanout        ;
; estado.D                               ; Lost fanout        ;
; estado.E                               ; Lost fanout        ;
; estado.F                               ; Lost fanout        ;
; estado.G                               ; Lost fanout        ;
; estado.H                               ; Lost fanout        ;
; estado.I                               ; Lost fanout        ;
; estado.J                               ; Lost fanout        ;
; prox_estado~2                          ; Lost fanout        ;
; prox_estado~3                          ; Lost fanout        ;
; prox_estado~4                          ; Lost fanout        ;
; prox_estado~5                          ; Lost fanout        ;
; estado~2                               ; Lost fanout        ;
; estado~3                               ; Lost fanout        ;
; estado~4                               ; Lost fanout        ;
; estado~5                               ; Lost fanout        ;
; Total Number of Removed Registers = 18 ;                    ;
+----------------------------------------+--------------------+


+------------------------------------------------------+
; General Register Statistics                          ;
+----------------------------------------------+-------+
; Statistic                                    ; Value ;
+----------------------------------------------+-------+
; Total registers                              ; 66    ;
; Number of registers using Synchronous Clear  ; 41    ;
; Number of registers using Synchronous Load   ; 0     ;
; Number of registers using Asynchronous Clear ; 0     ;
; Number of registers using Asynchronous Load  ; 0     ;
; Number of registers using Clock Enable       ; 52    ;
; Number of registers using Preset             ; 0     ;
+----------------------------------------------+-------+


+------------------------------------------------------------------------------------------------------------------------------------------+
; Multiplexer Restructuring Statistics (Restructuring Performed)                                                                           ;
+--------------------+-----------+---------------+----------------------+------------------------+------------+----------------------------+
; Multiplexer Inputs ; Bus Width ; Baseline Area ; Area if Restructured ; Saving if Restructured ; Registered ; Example Multiplexer Output ;
+--------------------+-----------+---------------+----------------------+------------------------+------------+----------------------------+
; 5:1                ; 18 bits   ; 54 LEs        ; 18 LEs               ; 36 LEs                 ; Yes        ; |decodificador|tempo[0]    ;
; 12:1               ; 18 bits   ; 144 LEs       ; 18 LEs               ; 126 LEs                ; Yes        ; |decodificador|cont[3]     ;
+--------------------+-----------+---------------+----------------------+------------------------+------------+----------------------------+


+-------------------------------------------------------------------------------+
; Parameter Settings for User Entity Instance: Top-level Entity: |decodificador ;
+----------------+--------+-----------------------------------------------------+
; Parameter Name ; Value  ; Type                                                ;
+----------------+--------+-----------------------------------------------------+
; leadCodeTime   ; 100000 ; Signed Integer                                      ;
; bitTime        ; 41500  ; Signed Integer                                      ;
; oitoBits       ; 8      ; Signed Integer                                      ;
; dezeseisBits   ; 16     ; Signed Integer                                      ;
; noveBits       ; 9      ; Signed Integer                                      ;
; A              ; 0000   ; Unsigned Binary                                     ;
; B              ; 0001   ; Unsigned Binary                                     ;
; C              ; 0010   ; Unsigned Binary                                     ;
; D              ; 0011   ; Unsigned Binary                                     ;
; E              ; 0100   ; Unsigned Binary                                     ;
; F              ; 0101   ; Unsigned Binary                                     ;
; G              ; 0110   ; Unsigned Binary                                     ;
; H              ; 0111   ; Unsigned Binary                                     ;
; I              ; 1000   ; Unsigned Binary                                     ;
; J              ; 1001   ; Unsigned Binary                                     ;
+----------------+--------+-----------------------------------------------------+
Note: In order to hide this table in the UI and the text report file, please set the "Show Parameter Settings Tables in Synthesis Report" option in "Analysis and Synthesis Settings -> More Settings" to "Off".


+-------------------------------+
; Analysis & Synthesis Messages ;
+-------------------------------+
Info: *******************************************************************
Info: Running Quartus II Analysis & Synthesis
    Info: Version 9.1 Build 350 03/24/2010 Service Pack 2 SJ Web Edition
    Info: Processing started: Mon Jun 04 22:43:59 2018
Info: Command: quartus_map --read_settings_files=on --write_settings_files=off SDProject2 -c SDProject2
Info: Parallel compilation is enabled and will use 4 of the 4 processors detected
Info: Found 1 design units, including 1 entities, in source file sdproject2.sv
    Info: Found entity 1: decodificador
Info: Elaborating entity "decodificador" for the top level hierarchy
Info: Timing-Driven Synthesis is running
Info: 18 registers lost all their fanouts during netlist optimizations. The first 18 are displayed below.
    Info: Register "estado.A" lost all its fanouts during netlist optimizations.
    Info: Register "estado.B" lost all its fanouts during netlist optimizations.
    Info: Register "estado.C" lost all its fanouts during netlist optimizations.
    Info: Register "estado.D" lost all its fanouts during netlist optimizations.
    Info: Register "estado.E" lost all its fanouts during netlist optimizations.
    Info: Register "estado.F" lost all its fanouts during netlist optimizations.
    Info: Register "estado.G" lost all its fanouts during netlist optimizations.
    Info: Register "estado.H" lost all its fanouts during netlist optimizations.
    Info: Register "estado.I" lost all its fanouts during netlist optimizations.
    Info: Register "estado.J" lost all its fanouts during netlist optimizations.
    Info: Register "prox_estado~2" lost all its fanouts during netlist optimizations.
    Info: Register "prox_estado~3" lost all its fanouts during netlist optimizations.
    Info: Register "prox_estado~4" lost all its fanouts during netlist optimizations.
    Info: Register "prox_estado~5" lost all its fanouts during netlist optimizations.
    Info: Register "estado~2" lost all its fanouts during netlist optimizations.
    Info: Register "estado~3" lost all its fanouts during netlist optimizations.
    Info: Register "estado~4" lost all its fanouts during netlist optimizations.
    Info: Register "estado~5" lost all its fanouts during netlist optimizations.
Info: Implemented 106 device resources after synthesis - the final resource count might be different
    Info: Implemented 2 input pins
    Info: Implemented 12 output pins
    Info: Implemented 92 logic cells
Info: Quartus II Analysis & Synthesis was successful. 0 errors, 0 warnings
    Info: Peak virtual memory: 224 megabytes
    Info: Processing ended: Mon Jun 04 22:44:00 2018
    Info: Elapsed time: 00:00:01
    Info: Total CPU time (on all processors): 00:00:01


